{
  "RSpec": {
    "coverage": {
      "/Users/davidlawes/Projects/MakersBnB/spec/features/feature_spec.rb": [
        1,
        null,
        1,
        null,
        1,
        1,
        1,
        1,
        1,
        1,
        1,
        1,
        null,
        1,
        1,
        1,
        null,
        1,
        1,
        null,
        null,
        1,
        1,
        1,
        1,
        1,
        1,
        1,
        null,
        1,
        1,
        1,
        1,
        null,
        1,
        1,
        null,
        null,
        null,
        null,
        null,
        null,
        null,
        null,
        null,
        null,
        null,
        null,
        null,
        null,
        null,
        null,
        null,
        null,
        null
      ],
      "/Users/davidlawes/Projects/MakersBnB/spec/helpers.rb": [
        1,
        1,
        1,
        1,
        1,
        1,
        1,
        null,
        null,
        1,
        1,
        1,
        1,
        1,
        1,
        1,
        null
      ],
      "/Users/davidlawes/Projects/MakersBnB/spec/unit_tests/property_spec.rb": [

      ],
      "/Users/davidlawes/Projects/MakersBnB/spec/unit_tests/user_spec.rb": [

      ]
    },
    "timestamp": 1536671920
  }
}
